09/04 15:32:06 FINER client.SimClient|creating agent instance of agent.example.ExampleAgent
09/04 15:32:06 FINE client.ServerConnection|(1) connecting to server tac01.cs.umn.edu at port 8080
09/04 15:34:13 SEVERE client.ServerConnection|(1) connection to server failed
java.net.ConnectException: Connection timed out
	at java.net.PlainSocketImpl.socketConnect(Native Method)
	at java.net.PlainSocketImpl.doConnect(PlainSocketImpl.java:351)
	at java.net.PlainSocketImpl.connectToAddress(PlainSocketImpl.java:213)
	at java.net.PlainSocketImpl.connect(PlainSocketImpl.java:200)
	at java.net.SocksSocketImpl.connect(SocksSocketImpl.java:366)
	at java.net.Socket.connect(Socket.java:529)
	at java.net.Socket.connect(Socket.java:478)
	at java.net.Socket.<init>(Socket.java:375)
	at java.net.Socket.<init>(Socket.java:189)
	at se.sics.tasim.aw.client.ServerConnection.connect(ServerConnection.java:136)
	at se.sics.tasim.aw.client.ServerConnection.run(ServerConnection.java:196)
	at java.lang.Thread.run(Thread.java:662)
09/04 15:34:13 SEVERE client.SimClient|************************************************************
09/04 15:34:13 SEVERE client.SimClient|* Connection Failed
09/04 15:34:13 SEVERE client.SimClient|* Could not connect to tac01.cs.umn.edu (will retry in 30 seconds)
09/04 15:34:13 SEVERE client.SimClient|************************************************************
09/04 15:34:43 FINE client.ServerConnection|(1) connecting to server tac01.cs.umn.edu at port 8080
09/04 15:36:50 SEVERE client.ServerConnection|(1) connection to server failed
java.net.ConnectException: Connection timed out
	at java.net.PlainSocketImpl.socketConnect(Native Method)
	at java.net.PlainSocketImpl.doConnect(PlainSocketImpl.java:351)
	at java.net.PlainSocketImpl.connectToAddress(PlainSocketImpl.java:213)
	at java.net.PlainSocketImpl.connect(PlainSocketImpl.java:200)
	at java.net.SocksSocketImpl.connect(SocksSocketImpl.java:366)
	at java.net.Socket.connect(Socket.java:529)
	at java.net.Socket.connect(Socket.java:478)
	at java.net.Socket.<init>(Socket.java:375)
	at java.net.Socket.<init>(Socket.java:189)
	at se.sics.tasim.aw.client.ServerConnection.connect(ServerConnection.java:136)
	at se.sics.tasim.aw.client.ServerConnection.run(ServerConnection.java:196)
	at java.lang.Thread.run(Thread.java:662)
09/04 15:36:50 SEVERE client.SimClient|************************************************************
09/04 15:36:50 SEVERE client.SimClient|* Connection Failed
09/04 15:36:50 SEVERE client.SimClient|* Could not connect to tac01.cs.umn.edu (will retry in 30 seconds)
09/04 15:36:50 SEVERE client.SimClient|************************************************************
09/04 15:37:20 FINE client.ServerConnection|(1) connecting to server tac01.cs.umn.edu at port 8080
09/04 15:39:28 SEVERE client.ServerConnection|(1) connection to server failed
java.net.ConnectException: Connection timed out
	at java.net.PlainSocketImpl.socketConnect(Native Method)
	at java.net.PlainSocketImpl.doConnect(PlainSocketImpl.java:351)
	at java.net.PlainSocketImpl.connectToAddress(PlainSocketImpl.java:213)
	at java.net.PlainSocketImpl.connect(PlainSocketImpl.java:200)
	at java.net.SocksSocketImpl.connect(SocksSocketImpl.java:366)
	at java.net.Socket.connect(Socket.java:529)
	at java.net.Socket.connect(Socket.java:478)
	at java.net.Socket.<init>(Socket.java:375)
	at java.net.Socket.<init>(Socket.java:189)
	at se.sics.tasim.aw.client.ServerConnection.connect(ServerConnection.java:136)
	at se.sics.tasim.aw.client.ServerConnection.run(ServerConnection.java:196)
	at java.lang.Thread.run(Thread.java:662)
09/04 15:39:28 SEVERE client.SimClient|************************************************************
09/04 15:39:28 SEVERE client.SimClient|* Connection Failed
09/04 15:39:28 SEVERE client.SimClient|* Could not connect to tac01.cs.umn.edu (will retry in 30 seconds)
09/04 15:39:28 SEVERE client.SimClient|************************************************************
09/04 15:39:58 FINE client.ServerConnection|(1) connecting to server tac01.cs.umn.edu at port 8080
09/04 15:42:05 SEVERE client.ServerConnection|(1) connection to server failed
java.net.ConnectException: Connection timed out
	at java.net.PlainSocketImpl.socketConnect(Native Method)
	at java.net.PlainSocketImpl.doConnect(PlainSocketImpl.java:351)
	at java.net.PlainSocketImpl.connectToAddress(PlainSocketImpl.java:213)
	at java.net.PlainSocketImpl.connect(PlainSocketImpl.java:200)
	at java.net.SocksSocketImpl.connect(SocksSocketImpl.java:366)
	at java.net.Socket.connect(Socket.java:529)
	at java.net.Socket.connect(Socket.java:478)
	at java.net.Socket.<init>(Socket.java:375)
	at java.net.Socket.<init>(Socket.java:189)
	at se.sics.tasim.aw.client.ServerConnection.connect(ServerConnection.java:136)
	at se.sics.tasim.aw.client.ServerConnection.run(ServerConnection.java:196)
	at java.lang.Thread.run(Thread.java:662)
09/04 15:42:05 SEVERE client.SimClient|************************************************************
09/04 15:42:05 SEVERE client.SimClient|* Connection Failed
09/04 15:42:05 SEVERE client.SimClient|* Could not connect to tac01.cs.umn.edu (will retry in 30 seconds)
09/04 15:42:05 SEVERE client.SimClient|************************************************************
09/04 15:42:35 FINE client.ServerConnection|(1) connecting to server tac01.cs.umn.edu at port 8080
09/04 15:44:42 SEVERE client.ServerConnection|(1) connection to server failed
java.net.ConnectException: Connection timed out
	at java.net.PlainSocketImpl.socketConnect(Native Method)
	at java.net.PlainSocketImpl.doConnect(PlainSocketImpl.java:351)
	at java.net.PlainSocketImpl.connectToAddress(PlainSocketImpl.java:213)
	at java.net.PlainSocketImpl.connect(PlainSocketImpl.java:200)
	at java.net.SocksSocketImpl.connect(SocksSocketImpl.java:366)
	at java.net.Socket.connect(Socket.java:529)
	at java.net.Socket.connect(Socket.java:478)
	at java.net.Socket.<init>(Socket.java:375)
	at java.net.Socket.<init>(Socket.java:189)
	at se.sics.tasim.aw.client.ServerConnection.connect(ServerConnection.java:136)
	at se.sics.tasim.aw.client.ServerConnection.run(ServerConnection.java:196)
	at java.lang.Thread.run(Thread.java:662)
09/04 15:44:42 SEVERE client.SimClient|************************************************************
09/04 15:44:42 SEVERE client.SimClient|* Connection Failed
09/04 15:44:42 SEVERE client.SimClient|* Could not connect to tac01.cs.umn.edu (will retry in 30 seconds)
09/04 15:44:42 SEVERE client.SimClient|************************************************************
09/04 15:45:12 FINE client.ServerConnection|(1) connecting to server tac01.cs.umn.edu at port 8080
09/04 15:47:19 SEVERE client.ServerConnection|(1) connection to server failed
java.net.ConnectException: Connection timed out
	at java.net.PlainSocketImpl.socketConnect(Native Method)
	at java.net.PlainSocketImpl.doConnect(PlainSocketImpl.java:351)
	at java.net.PlainSocketImpl.connectToAddress(PlainSocketImpl.java:213)
	at java.net.PlainSocketImpl.connect(PlainSocketImpl.java:200)
	at java.net.SocksSocketImpl.connect(SocksSocketImpl.java:366)
	at java.net.Socket.connect(Socket.java:529)
	at java.net.Socket.connect(Socket.java:478)
	at java.net.Socket.<init>(Socket.java:375)
	at java.net.Socket.<init>(Socket.java:189)
	at se.sics.tasim.aw.client.ServerConnection.connect(ServerConnection.java:136)
	at se.sics.tasim.aw.client.ServerConnection.run(ServerConnection.java:196)
	at java.lang.Thread.run(Thread.java:662)
09/04 15:47:19 SEVERE client.SimClient|************************************************************
09/04 15:47:19 SEVERE client.SimClient|* Connection Failed
09/04 15:47:19 SEVERE client.SimClient|* Could not connect to tac01.cs.umn.edu (will retry in 30 seconds)
09/04 15:47:19 SEVERE client.SimClient|************************************************************
09/04 15:47:49 FINE client.ServerConnection|(1) connecting to server tac01.cs.umn.edu at port 8080
09/04 15:49:57 SEVERE client.ServerConnection|(1) connection to server failed
java.net.ConnectException: Connection timed out
	at java.net.PlainSocketImpl.socketConnect(Native Method)
	at java.net.PlainSocketImpl.doConnect(PlainSocketImpl.java:351)
	at java.net.PlainSocketImpl.connectToAddress(PlainSocketImpl.java:213)
	at java.net.PlainSocketImpl.connect(PlainSocketImpl.java:200)
	at java.net.SocksSocketImpl.connect(SocksSocketImpl.java:366)
	at java.net.Socket.connect(Socket.java:529)
	at java.net.Socket.connect(Socket.java:478)
	at java.net.Socket.<init>(Socket.java:375)
	at java.net.Socket.<init>(Socket.java:189)
	at se.sics.tasim.aw.client.ServerConnection.connect(ServerConnection.java:136)
	at se.sics.tasim.aw.client.ServerConnection.run(ServerConnection.java:196)
	at java.lang.Thread.run(Thread.java:662)
09/04 15:49:57 SEVERE client.SimClient|************************************************************
09/04 15:49:57 SEVERE client.SimClient|* Connection Failed
09/04 15:49:57 SEVERE client.SimClient|* Could not connect to tac01.cs.umn.edu (will retry in 30 seconds)
09/04 15:49:57 SEVERE client.SimClient|************************************************************
09/04 15:50:27 FINE client.ServerConnection|(1) connecting to server tac01.cs.umn.edu at port 8080
09/04 15:52:34 SEVERE client.ServerConnection|(1) connection to server failed
java.net.ConnectException: Connection timed out
	at java.net.PlainSocketImpl.socketConnect(Native Method)
	at java.net.PlainSocketImpl.doConnect(PlainSocketImpl.java:351)
	at java.net.PlainSocketImpl.connectToAddress(PlainSocketImpl.java:213)
	at java.net.PlainSocketImpl.connect(PlainSocketImpl.java:200)
	at java.net.SocksSocketImpl.connect(SocksSocketImpl.java:366)
	at java.net.Socket.connect(Socket.java:529)
	at java.net.Socket.connect(Socket.java:478)
	at java.net.Socket.<init>(Socket.java:375)
	at java.net.Socket.<init>(Socket.java:189)
	at se.sics.tasim.aw.client.ServerConnection.connect(ServerConnection.java:136)
	at se.sics.tasim.aw.client.ServerConnection.run(ServerConnection.java:196)
	at java.lang.Thread.run(Thread.java:662)
09/04 15:52:34 SEVERE client.SimClient|************************************************************
09/04 15:52:34 SEVERE client.SimClient|* Connection Failed
09/04 15:52:34 SEVERE client.SimClient|* Could not connect to tac01.cs.umn.edu (will retry in 30 seconds)
09/04 15:52:34 SEVERE client.SimClient|************************************************************
09/04 15:53:04 FINE client.ServerConnection|(1) connecting to server tac01.cs.umn.edu at port 8080
09/04 15:55:11 SEVERE client.ServerConnection|(1) connection to server failed
java.net.ConnectException: Connection timed out
	at java.net.PlainSocketImpl.socketConnect(Native Method)
	at java.net.PlainSocketImpl.doConnect(PlainSocketImpl.java:351)
	at java.net.PlainSocketImpl.connectToAddress(PlainSocketImpl.java:213)
	at java.net.PlainSocketImpl.connect(PlainSocketImpl.java:200)
	at java.net.SocksSocketImpl.connect(SocksSocketImpl.java:366)
	at java.net.Socket.connect(Socket.java:529)
	at java.net.Socket.connect(Socket.java:478)
	at java.net.Socket.<init>(Socket.java:375)
	at java.net.Socket.<init>(Socket.java:189)
	at se.sics.tasim.aw.client.ServerConnection.connect(ServerConnection.java:136)
	at se.sics.tasim.aw.client.ServerConnection.run(ServerConnection.java:196)
	at java.lang.Thread.run(Thread.java:662)
09/04 15:55:11 SEVERE client.SimClient|************************************************************
09/04 15:55:11 SEVERE client.SimClient|* Connection Failed
09/04 15:55:11 SEVERE client.SimClient|* Could not connect to tac01.cs.umn.edu (will retry in 30 seconds)
09/04 15:55:11 SEVERE client.SimClient|************************************************************
09/04 15:55:41 FINE client.ServerConnection|(1) connecting to server tac01.cs.umn.edu at port 8080
09/04 15:57:48 SEVERE client.ServerConnection|(1) connection to server failed
java.net.ConnectException: Connection timed out
	at java.net.PlainSocketImpl.socketConnect(Native Method)
	at java.net.PlainSocketImpl.doConnect(PlainSocketImpl.java:351)
	at java.net.PlainSocketImpl.connectToAddress(PlainSocketImpl.java:213)
	at java.net.PlainSocketImpl.connect(PlainSocketImpl.java:200)
	at java.net.SocksSocketImpl.connect(SocksSocketImpl.java:366)
	at java.net.Socket.connect(Socket.java:529)
	at java.net.Socket.connect(Socket.java:478)
	at java.net.Socket.<init>(Socket.java:375)
	at java.net.Socket.<init>(Socket.java:189)
	at se.sics.tasim.aw.client.ServerConnection.connect(ServerConnection.java:136)
	at se.sics.tasim.aw.client.ServerConnection.run(ServerConnection.java:196)
	at java.lang.Thread.run(Thread.java:662)
09/04 15:57:48 SEVERE client.SimClient|************************************************************
09/04 15:57:48 SEVERE client.SimClient|* Connection Failed
09/04 15:57:48 SEVERE client.SimClient|* Could not connect to tac01.cs.umn.edu (will retry in 30 seconds)
09/04 15:57:48 SEVERE client.SimClient|************************************************************
09/04 15:58:18 FINE client.ServerConnection|(1) connecting to server tac01.cs.umn.edu at port 8080
09/04 16:00:25 SEVERE client.ServerConnection|(1) connection to server failed
java.net.ConnectException: Connection timed out
	at java.net.PlainSocketImpl.socketConnect(Native Method)
	at java.net.PlainSocketImpl.doConnect(PlainSocketImpl.java:351)
	at java.net.PlainSocketImpl.connectToAddress(PlainSocketImpl.java:213)
	at java.net.PlainSocketImpl.connect(PlainSocketImpl.java:200)
	at java.net.SocksSocketImpl.connect(SocksSocketImpl.java:366)
	at java.net.Socket.connect(Socket.java:529)
	at java.net.Socket.connect(Socket.java:478)
	at java.net.Socket.<init>(Socket.java:375)
	at java.net.Socket.<init>(Socket.java:189)
	at se.sics.tasim.aw.client.ServerConnection.connect(ServerConnection.java:136)
	at se.sics.tasim.aw.client.ServerConnection.run(ServerConnection.java:196)
	at java.lang.Thread.run(Thread.java:662)
09/04 16:00:25 SEVERE client.SimClient|************************************************************
09/04 16:00:25 SEVERE client.SimClient|* Connection Failed
09/04 16:00:25 SEVERE client.SimClient|* Could not connect to tac01.cs.umn.edu (will retry in 30 seconds)
09/04 16:00:25 SEVERE client.SimClient|************************************************************
09/04 16:00:55 FINE client.ServerConnection|(1) connecting to server tac01.cs.umn.edu at port 8080
09/04 16:03:03 SEVERE client.ServerConnection|(1) connection to server failed
java.net.ConnectException: Connection timed out
	at java.net.PlainSocketImpl.socketConnect(Native Method)
	at java.net.PlainSocketImpl.doConnect(PlainSocketImpl.java:351)
	at java.net.PlainSocketImpl.connectToAddress(PlainSocketImpl.java:213)
	at java.net.PlainSocketImpl.connect(PlainSocketImpl.java:200)
	at java.net.SocksSocketImpl.connect(SocksSocketImpl.java:366)
	at java.net.Socket.connect(Socket.java:529)
	at java.net.Socket.connect(Socket.java:478)
	at java.net.Socket.<init>(Socket.java:375)
	at java.net.Socket.<init>(Socket.java:189)
	at se.sics.tasim.aw.client.ServerConnection.connect(ServerConnection.java:136)
	at se.sics.tasim.aw.client.ServerConnection.run(ServerConnection.java:196)
	at java.lang.Thread.run(Thread.java:662)
09/04 16:03:03 SEVERE client.SimClient|************************************************************
09/04 16:03:03 SEVERE client.SimClient|* Connection Failed
09/04 16:03:03 SEVERE client.SimClient|* Could not connect to tac01.cs.umn.edu (will retry in 30 seconds)
09/04 16:03:03 SEVERE client.SimClient|************************************************************
09/04 16:03:33 FINE client.ServerConnection|(1) connecting to server tac01.cs.umn.edu at port 8080
09/04 16:05:40 SEVERE client.ServerConnection|(1) connection to server failed
java.net.ConnectException: Connection timed out
	at java.net.PlainSocketImpl.socketConnect(Native Method)
	at java.net.PlainSocketImpl.doConnect(PlainSocketImpl.java:351)
	at java.net.PlainSocketImpl.connectToAddress(PlainSocketImpl.java:213)
	at java.net.PlainSocketImpl.connect(PlainSocketImpl.java:200)
	at java.net.SocksSocketImpl.connect(SocksSocketImpl.java:366)
	at java.net.Socket.connect(Socket.java:529)
	at java.net.Socket.connect(Socket.java:478)
	at java.net.Socket.<init>(Socket.java:375)
	at java.net.Socket.<init>(Socket.java:189)
	at se.sics.tasim.aw.client.ServerConnection.connect(ServerConnection.java:136)
	at se.sics.tasim.aw.client.ServerConnection.run(ServerConnection.java:196)
	at java.lang.Thread.run(Thread.java:662)
09/04 16:05:40 SEVERE client.SimClient|************************************************************
09/04 16:05:40 SEVERE client.SimClient|* Connection Failed
09/04 16:05:40 SEVERE client.SimClient|* Could not connect to tac01.cs.umn.edu (will retry in 30 seconds)
09/04 16:05:40 SEVERE client.SimClient|************************************************************
09/04 16:06:10 FINE client.ServerConnection|(1) connecting to server tac01.cs.umn.edu at port 8080
09/04 16:08:17 SEVERE client.ServerConnection|(1) connection to server failed
java.net.ConnectException: Connection timed out
	at java.net.PlainSocketImpl.socketConnect(Native Method)
	at java.net.PlainSocketImpl.doConnect(PlainSocketImpl.java:351)
	at java.net.PlainSocketImpl.connectToAddress(PlainSocketImpl.java:213)
	at java.net.PlainSocketImpl.connect(PlainSocketImpl.java:200)
	at java.net.SocksSocketImpl.connect(SocksSocketImpl.java:366)
	at java.net.Socket.connect(Socket.java:529)
	at java.net.Socket.connect(Socket.java:478)
	at java.net.Socket.<init>(Socket.java:375)
	at java.net.Socket.<init>(Socket.java:189)
	at se.sics.tasim.aw.client.ServerConnection.connect(ServerConnection.java:136)
	at se.sics.tasim.aw.client.ServerConnection.run(ServerConnection.java:196)
	at java.lang.Thread.run(Thread.java:662)
09/04 16:08:17 SEVERE client.SimClient|************************************************************
09/04 16:08:17 SEVERE client.SimClient|* Connection Failed
09/04 16:08:17 SEVERE client.SimClient|* Could not connect to tac01.cs.umn.edu (will retry in 30 seconds)
09/04 16:08:17 SEVERE client.SimClient|************************************************************
09/04 16:08:47 FINE client.ServerConnection|(1) connecting to server tac01.cs.umn.edu at port 8080
09/04 16:10:54 SEVERE client.ServerConnection|(1) connection to server failed
java.net.ConnectException: Connection timed out
	at java.net.PlainSocketImpl.socketConnect(Native Method)
	at java.net.PlainSocketImpl.doConnect(PlainSocketImpl.java:351)
	at java.net.PlainSocketImpl.connectToAddress(PlainSocketImpl.java:213)
	at java.net.PlainSocketImpl.connect(PlainSocketImpl.java:200)
	at java.net.SocksSocketImpl.connect(SocksSocketImpl.java:366)
	at java.net.Socket.connect(Socket.java:529)
	at java.net.Socket.connect(Socket.java:478)
	at java.net.Socket.<init>(Socket.java:375)
	at java.net.Socket.<init>(Socket.java:189)
	at se.sics.tasim.aw.client.ServerConnection.connect(ServerConnection.java:136)
	at se.sics.tasim.aw.client.ServerConnection.run(ServerConnection.java:196)
	at java.lang.Thread.run(Thread.java:662)
09/04 16:10:54 SEVERE client.SimClient|************************************************************
09/04 16:10:54 SEVERE client.SimClient|* Connection Failed
09/04 16:10:54 SEVERE client.SimClient|* Could not connect to tac01.cs.umn.edu (will retry in 30 seconds)
09/04 16:10:54 SEVERE client.SimClient|************************************************************
09/04 16:11:24 FINE client.ServerConnection|(1) connecting to server tac01.cs.umn.edu at port 8080
09/04 16:13:32 SEVERE client.ServerConnection|(1) connection to server failed
java.net.ConnectException: Connection timed out
	at java.net.PlainSocketImpl.socketConnect(Native Method)
	at java.net.PlainSocketImpl.doConnect(PlainSocketImpl.java:351)
	at java.net.PlainSocketImpl.connectToAddress(PlainSocketImpl.java:213)
	at java.net.PlainSocketImpl.connect(PlainSocketImpl.java:200)
	at java.net.SocksSocketImpl.connect(SocksSocketImpl.java:366)
	at java.net.Socket.connect(Socket.java:529)
	at java.net.Socket.connect(Socket.java:478)
	at java.net.Socket.<init>(Socket.java:375)
	at java.net.Socket.<init>(Socket.java:189)
	at se.sics.tasim.aw.client.ServerConnection.connect(ServerConnection.java:136)
	at se.sics.tasim.aw.client.ServerConnection.run(ServerConnection.java:196)
	at java.lang.Thread.run(Thread.java:662)
09/04 16:13:32 SEVERE client.SimClient|************************************************************
09/04 16:13:32 SEVERE client.SimClient|* Connection Failed
09/04 16:13:32 SEVERE client.SimClient|* Could not connect to tac01.cs.umn.edu (will retry in 30 seconds)
09/04 16:13:32 SEVERE client.SimClient|************************************************************
09/04 16:14:02 FINE client.ServerConnection|(1) connecting to server tac01.cs.umn.edu at port 8080
09/04 16:16:09 SEVERE client.ServerConnection|(1) connection to server failed
java.net.ConnectException: Connection timed out
	at java.net.PlainSocketImpl.socketConnect(Native Method)
	at java.net.PlainSocketImpl.doConnect(PlainSocketImpl.java:351)
	at java.net.PlainSocketImpl.connectToAddress(PlainSocketImpl.java:213)
	at java.net.PlainSocketImpl.connect(PlainSocketImpl.java:200)
	at java.net.SocksSocketImpl.connect(SocksSocketImpl.java:366)
	at java.net.Socket.connect(Socket.java:529)
	at java.net.Socket.connect(Socket.java:478)
	at java.net.Socket.<init>(Socket.java:375)
	at java.net.Socket.<init>(Socket.java:189)
	at se.sics.tasim.aw.client.ServerConnection.connect(ServerConnection.java:136)
	at se.sics.tasim.aw.client.ServerConnection.run(ServerConnection.java:196)
	at java.lang.Thread.run(Thread.java:662)
09/04 16:16:09 SEVERE client.SimClient|************************************************************
09/04 16:16:09 SEVERE client.SimClient|* Connection Failed
09/04 16:16:09 SEVERE client.SimClient|* Could not connect to tac01.cs.umn.edu (will retry in 30 seconds)
09/04 16:16:09 SEVERE client.SimClient|************************************************************
09/04 16:16:39 FINE client.ServerConnection|(1) connecting to server tac01.cs.umn.edu at port 8080
09/04 16:18:46 SEVERE client.ServerConnection|(1) connection to server failed
java.net.ConnectException: Connection timed out
	at java.net.PlainSocketImpl.socketConnect(Native Method)
	at java.net.PlainSocketImpl.doConnect(PlainSocketImpl.java:351)
	at java.net.PlainSocketImpl.connectToAddress(PlainSocketImpl.java:213)
	at java.net.PlainSocketImpl.connect(PlainSocketImpl.java:200)
	at java.net.SocksSocketImpl.connect(SocksSocketImpl.java:366)
	at java.net.Socket.connect(Socket.java:529)
	at java.net.Socket.connect(Socket.java:478)
	at java.net.Socket.<init>(Socket.java:375)
	at java.net.Socket.<init>(Socket.java:189)
	at se.sics.tasim.aw.client.ServerConnection.connect(ServerConnection.java:136)
	at se.sics.tasim.aw.client.ServerConnection.run(ServerConnection.java:196)
	at java.lang.Thread.run(Thread.java:662)
09/04 16:18:46 SEVERE client.SimClient|************************************************************
09/04 16:18:46 SEVERE client.SimClient|* Connection Failed
09/04 16:18:46 SEVERE client.SimClient|* Could not connect to tac01.cs.umn.edu (will retry in 30 seconds)
09/04 16:18:46 SEVERE client.SimClient|************************************************************
09/04 16:19:16 FINE client.ServerConnection|(1) connecting to server tac01.cs.umn.edu at port 8080
09/04 16:21:23 SEVERE client.ServerConnection|(1) connection to server failed
java.net.ConnectException: Connection timed out
	at java.net.PlainSocketImpl.socketConnect(Native Method)
	at java.net.PlainSocketImpl.doConnect(PlainSocketImpl.java:351)
	at java.net.PlainSocketImpl.connectToAddress(PlainSocketImpl.java:213)
	at java.net.PlainSocketImpl.connect(PlainSocketImpl.java:200)
	at java.net.SocksSocketImpl.connect(SocksSocketImpl.java:366)
	at java.net.Socket.connect(Socket.java:529)
	at java.net.Socket.connect(Socket.java:478)
	at java.net.Socket.<init>(Socket.java:375)
	at java.net.Socket.<init>(Socket.java:189)
	at se.sics.tasim.aw.client.ServerConnection.connect(ServerConnection.java:136)
	at se.sics.tasim.aw.client.ServerConnection.run(ServerConnection.java:196)
	at java.lang.Thread.run(Thread.java:662)
09/04 16:21:23 SEVERE client.SimClient|************************************************************
09/04 16:21:23 SEVERE client.SimClient|* Connection Failed
09/04 16:21:23 SEVERE client.SimClient|* Could not connect to tac01.cs.umn.edu (will retry in 30 seconds)
09/04 16:21:23 SEVERE client.SimClient|************************************************************
09/04 16:21:53 FINE client.ServerConnection|(1) connecting to server tac01.cs.umn.edu at port 8080
09/04 16:24:01 SEVERE client.ServerConnection|(1) connection to server failed
java.net.ConnectException: Connection timed out
	at java.net.PlainSocketImpl.socketConnect(Native Method)
	at java.net.PlainSocketImpl.doConnect(PlainSocketImpl.java:351)
	at java.net.PlainSocketImpl.connectToAddress(PlainSocketImpl.java:213)
	at java.net.PlainSocketImpl.connect(PlainSocketImpl.java:200)
	at java.net.SocksSocketImpl.connect(SocksSocketImpl.java:366)
	at java.net.Socket.connect(Socket.java:529)
	at java.net.Socket.connect(Socket.java:478)
	at java.net.Socket.<init>(Socket.java:375)
	at java.net.Socket.<init>(Socket.java:189)
	at se.sics.tasim.aw.client.ServerConnection.connect(ServerConnection.java:136)
	at se.sics.tasim.aw.client.ServerConnection.run(ServerConnection.java:196)
	at java.lang.Thread.run(Thread.java:662)
09/04 16:24:01 SEVERE client.SimClient|************************************************************
09/04 16:24:01 SEVERE client.SimClient|* Connection Failed
09/04 16:24:01 SEVERE client.SimClient|* Could not connect to tac01.cs.umn.edu (will retry in 30 seconds)
09/04 16:24:01 SEVERE client.SimClient|************************************************************
09/04 16:24:31 FINE client.ServerConnection|(1) connecting to server tac01.cs.umn.edu at port 8080
09/04 16:26:38 SEVERE client.ServerConnection|(1) connection to server failed
java.net.ConnectException: Connection timed out
	at java.net.PlainSocketImpl.socketConnect(Native Method)
	at java.net.PlainSocketImpl.doConnect(PlainSocketImpl.java:351)
	at java.net.PlainSocketImpl.connectToAddress(PlainSocketImpl.java:213)
	at java.net.PlainSocketImpl.connect(PlainSocketImpl.java:200)
	at java.net.SocksSocketImpl.connect(SocksSocketImpl.java:366)
	at java.net.Socket.connect(Socket.java:529)
	at java.net.Socket.connect(Socket.java:478)
	at java.net.Socket.<init>(Socket.java:375)
	at java.net.Socket.<init>(Socket.java:189)
	at se.sics.tasim.aw.client.ServerConnection.connect(ServerConnection.java:136)
	at se.sics.tasim.aw.client.ServerConnection.run(ServerConnection.java:196)
	at java.lang.Thread.run(Thread.java:662)
09/04 16:26:38 SEVERE client.SimClient|************************************************************
09/04 16:26:38 SEVERE client.SimClient|* Connection Failed
09/04 16:26:38 SEVERE client.SimClient|* Could not connect to tac01.cs.umn.edu (will retry in 30 seconds)
09/04 16:26:38 SEVERE client.SimClient|************************************************************
09/04 16:27:08 FINE client.ServerConnection|(1) connecting to server tac01.cs.umn.edu at port 8080
09/04 16:29:15 SEVERE client.ServerConnection|(1) connection to server failed
java.net.ConnectException: Connection timed out
	at java.net.PlainSocketImpl.socketConnect(Native Method)
	at java.net.PlainSocketImpl.doConnect(PlainSocketImpl.java:351)
	at java.net.PlainSocketImpl.connectToAddress(PlainSocketImpl.java:213)
	at java.net.PlainSocketImpl.connect(PlainSocketImpl.java:200)
	at java.net.SocksSocketImpl.connect(SocksSocketImpl.java:366)
	at java.net.Socket.connect(Socket.java:529)
	at java.net.Socket.connect(Socket.java:478)
	at java.net.Socket.<init>(Socket.java:375)
	at java.net.Socket.<init>(Socket.java:189)
	at se.sics.tasim.aw.client.ServerConnection.connect(ServerConnection.java:136)
	at se.sics.tasim.aw.client.ServerConnection.run(ServerConnection.java:196)
	at java.lang.Thread.run(Thread.java:662)
09/04 16:29:15 SEVERE client.SimClient|************************************************************
09/04 16:29:15 SEVERE client.SimClient|* Connection Failed
09/04 16:29:15 SEVERE client.SimClient|* Could not connect to tac01.cs.umn.edu (will retry in 30 seconds)
09/04 16:29:15 SEVERE client.SimClient|************************************************************
09/04 16:29:45 FINE client.ServerConnection|(1) connecting to server tac01.cs.umn.edu at port 8080
09/04 16:31:52 SEVERE client.ServerConnection|(1) connection to server failed
java.net.ConnectException: Connection timed out
	at java.net.PlainSocketImpl.socketConnect(Native Method)
	at java.net.PlainSocketImpl.doConnect(PlainSocketImpl.java:351)
	at java.net.PlainSocketImpl.connectToAddress(PlainSocketImpl.java:213)
	at java.net.PlainSocketImpl.connect(PlainSocketImpl.java:200)
	at java.net.SocksSocketImpl.connect(SocksSocketImpl.java:366)
	at java.net.Socket.connect(Socket.java:529)
	at java.net.Socket.connect(Socket.java:478)
	at java.net.Socket.<init>(Socket.java:375)
	at java.net.Socket.<init>(Socket.java:189)
	at se.sics.tasim.aw.client.ServerConnection.connect(ServerConnection.java:136)
	at se.sics.tasim.aw.client.ServerConnection.run(ServerConnection.java:196)
	at java.lang.Thread.run(Thread.java:662)
09/04 16:31:52 SEVERE client.SimClient|************************************************************
09/04 16:31:52 SEVERE client.SimClient|* Connection Failed
09/04 16:31:52 SEVERE client.SimClient|* Could not connect to tac01.cs.umn.edu (will retry in 30 seconds)
09/04 16:31:52 SEVERE client.SimClient|************************************************************
09/04 16:32:22 FINE client.ServerConnection|(1) connecting to server tac01.cs.umn.edu at port 8080
09/04 16:34:29 SEVERE client.ServerConnection|(1) connection to server failed
java.net.ConnectException: Connection timed out
	at java.net.PlainSocketImpl.socketConnect(Native Method)
	at java.net.PlainSocketImpl.doConnect(PlainSocketImpl.java:351)
	at java.net.PlainSocketImpl.connectToAddress(PlainSocketImpl.java:213)
	at java.net.PlainSocketImpl.connect(PlainSocketImpl.java:200)
	at java.net.SocksSocketImpl.connect(SocksSocketImpl.java:366)
	at java.net.Socket.connect(Socket.java:529)
	at java.net.Socket.connect(Socket.java:478)
	at java.net.Socket.<init>(Socket.java:375)
	at java.net.Socket.<init>(Socket.java:189)
	at se.sics.tasim.aw.client.ServerConnection.connect(ServerConnection.java:136)
	at se.sics.tasim.aw.client.ServerConnection.run(ServerConnection.java:196)
	at java.lang.Thread.run(Thread.java:662)
09/04 16:34:29 SEVERE client.SimClient|************************************************************
09/04 16:34:29 SEVERE client.SimClient|* Connection Failed
09/04 16:34:29 SEVERE client.SimClient|* Could not connect to tac01.cs.umn.edu (will retry in 30 seconds)
09/04 16:34:29 SEVERE client.SimClient|************************************************************
09/04 16:34:59 FINE client.ServerConnection|(1) connecting to server tac01.cs.umn.edu at port 8080
09/04 16:37:07 SEVERE client.ServerConnection|(1) connection to server failed
java.net.ConnectException: Connection timed out
	at java.net.PlainSocketImpl.socketConnect(Native Method)
	at java.net.PlainSocketImpl.doConnect(PlainSocketImpl.java:351)
	at java.net.PlainSocketImpl.connectToAddress(PlainSocketImpl.java:213)
	at java.net.PlainSocketImpl.connect(PlainSocketImpl.java:200)
	at java.net.SocksSocketImpl.connect(SocksSocketImpl.java:366)
	at java.net.Socket.connect(Socket.java:529)
	at java.net.Socket.connect(Socket.java:478)
	at java.net.Socket.<init>(Socket.java:375)
	at java.net.Socket.<init>(Socket.java:189)
	at se.sics.tasim.aw.client.ServerConnection.connect(ServerConnection.java:136)
	at se.sics.tasim.aw.client.ServerConnection.run(ServerConnection.java:196)
	at java.lang.Thread.run(Thread.java:662)
09/04 16:37:07 SEVERE client.SimClient|************************************************************
09/04 16:37:07 SEVERE client.SimClient|* Connection Failed
09/04 16:37:07 SEVERE client.SimClient|* Could not connect to tac01.cs.umn.edu (will retry in 30 seconds)
09/04 16:37:07 SEVERE client.SimClient|************************************************************
09/04 16:37:37 FINE client.ServerConnection|(1) connecting to server tac01.cs.umn.edu at port 8080
09/04 16:39:44 SEVERE client.ServerConnection|(1) connection to server failed
java.net.ConnectException: Connection timed out
	at java.net.PlainSocketImpl.socketConnect(Native Method)
	at java.net.PlainSocketImpl.doConnect(PlainSocketImpl.java:351)
	at java.net.PlainSocketImpl.connectToAddress(PlainSocketImpl.java:213)
	at java.net.PlainSocketImpl.connect(PlainSocketImpl.java:200)
	at java.net.SocksSocketImpl.connect(SocksSocketImpl.java:366)
	at java.net.Socket.connect(Socket.java:529)
	at java.net.Socket.connect(Socket.java:478)
	at java.net.Socket.<init>(Socket.java:375)
	at java.net.Socket.<init>(Socket.java:189)
	at se.sics.tasim.aw.client.ServerConnection.connect(ServerConnection.java:136)
	at se.sics.tasim.aw.client.ServerConnection.run(ServerConnection.java:196)
	at java.lang.Thread.run(Thread.java:662)
09/04 16:39:44 SEVERE client.SimClient|************************************************************
09/04 16:39:44 SEVERE client.SimClient|* Connection Failed
09/04 16:39:44 SEVERE client.SimClient|* Could not connect to tac01.cs.umn.edu (will retry in 30 seconds)
09/04 16:39:44 SEVERE client.SimClient|************************************************************
09/04 16:40:14 FINE client.ServerConnection|(1) connecting to server tac01.cs.umn.edu at port 8080
09/04 16:42:21 SEVERE client.ServerConnection|(1) connection to server failed
java.net.ConnectException: Connection timed out
	at java.net.PlainSocketImpl.socketConnect(Native Method)
	at java.net.PlainSocketImpl.doConnect(PlainSocketImpl.java:351)
	at java.net.PlainSocketImpl.connectToAddress(PlainSocketImpl.java:213)
	at java.net.PlainSocketImpl.connect(PlainSocketImpl.java:200)
	at java.net.SocksSocketImpl.connect(SocksSocketImpl.java:366)
	at java.net.Socket.connect(Socket.java:529)
	at java.net.Socket.connect(Socket.java:478)
	at java.net.Socket.<init>(Socket.java:375)
	at java.net.Socket.<init>(Socket.java:189)
	at se.sics.tasim.aw.client.ServerConnection.connect(ServerConnection.java:136)
	at se.sics.tasim.aw.client.ServerConnection.run(ServerConnection.java:196)
	at java.lang.Thread.run(Thread.java:662)
09/04 16:42:21 SEVERE client.SimClient|************************************************************
09/04 16:42:21 SEVERE client.SimClient|* Connection Failed
09/04 16:42:21 SEVERE client.SimClient|* Could not connect to tac01.cs.umn.edu (will retry in 30 seconds)
09/04 16:42:21 SEVERE client.SimClient|************************************************************
09/04 16:42:51 FINE client.ServerConnection|(1) connecting to server tac01.cs.umn.edu at port 8080
09/04 16:44:58 SEVERE client.ServerConnection|(1) connection to server failed
java.net.ConnectException: Connection timed out
	at java.net.PlainSocketImpl.socketConnect(Native Method)
	at java.net.PlainSocketImpl.doConnect(PlainSocketImpl.java:351)
	at java.net.PlainSocketImpl.connectToAddress(PlainSocketImpl.java:213)
	at java.net.PlainSocketImpl.connect(PlainSocketImpl.java:200)
	at java.net.SocksSocketImpl.connect(SocksSocketImpl.java:366)
	at java.net.Socket.connect(Socket.java:529)
	at java.net.Socket.connect(Socket.java:478)
	at java.net.Socket.<init>(Socket.java:375)
	at java.net.Socket.<init>(Socket.java:189)
	at se.sics.tasim.aw.client.ServerConnection.connect(ServerConnection.java:136)
	at se.sics.tasim.aw.client.ServerConnection.run(ServerConnection.java:196)
	at java.lang.Thread.run(Thread.java:662)
09/04 16:44:58 SEVERE client.SimClient|************************************************************
09/04 16:44:58 SEVERE client.SimClient|* Connection Failed
09/04 16:44:58 SEVERE client.SimClient|* Could not connect to tac01.cs.umn.edu (will retry in 30 seconds)
09/04 16:44:58 SEVERE client.SimClient|************************************************************
09/04 16:45:28 FINE client.ServerConnection|(1) connecting to server tac01.cs.umn.edu at port 8080
09/04 16:47:35 SEVERE client.ServerConnection|(1) connection to server failed
java.net.ConnectException: Connection timed out
	at java.net.PlainSocketImpl.socketConnect(Native Method)
	at java.net.PlainSocketImpl.doConnect(PlainSocketImpl.java:351)
	at java.net.PlainSocketImpl.connectToAddress(PlainSocketImpl.java:213)
	at java.net.PlainSocketImpl.connect(PlainSocketImpl.java:200)
	at java.net.SocksSocketImpl.connect(SocksSocketImpl.java:366)
	at java.net.Socket.connect(Socket.java:529)
	at java.net.Socket.connect(Socket.java:478)
	at java.net.Socket.<init>(Socket.java:375)
	at java.net.Socket.<init>(Socket.java:189)
	at se.sics.tasim.aw.client.ServerConnection.connect(ServerConnection.java:136)
	at se.sics.tasim.aw.client.ServerConnection.run(ServerConnection.java:196)
	at java.lang.Thread.run(Thread.java:662)
09/04 16:47:35 SEVERE client.SimClient|************************************************************
09/04 16:47:35 SEVERE client.SimClient|* Connection Failed
09/04 16:47:35 SEVERE client.SimClient|* Could not connect to tac01.cs.umn.edu (will retry in 30 seconds)
09/04 16:47:35 SEVERE client.SimClient|************************************************************
09/04 16:48:05 FINE client.ServerConnection|(1) connecting to server tac01.cs.umn.edu at port 8080
09/04 16:50:13 SEVERE client.ServerConnection|(1) connection to server failed
java.net.ConnectException: Connection timed out
	at java.net.PlainSocketImpl.socketConnect(Native Method)
	at java.net.PlainSocketImpl.doConnect(PlainSocketImpl.java:351)
	at java.net.PlainSocketImpl.connectToAddress(PlainSocketImpl.java:213)
	at java.net.PlainSocketImpl.connect(PlainSocketImpl.java:200)
	at java.net.SocksSocketImpl.connect(SocksSocketImpl.java:366)
	at java.net.Socket.connect(Socket.java:529)
	at java.net.Socket.connect(Socket.java:478)
	at java.net.Socket.<init>(Socket.java:375)
	at java.net.Socket.<init>(Socket.java:189)
	at se.sics.tasim.aw.client.ServerConnection.connect(ServerConnection.java:136)
	at se.sics.tasim.aw.client.ServerConnection.run(ServerConnection.java:196)
	at java.lang.Thread.run(Thread.java:662)
09/04 16:50:13 SEVERE client.SimClient|************************************************************
09/04 16:50:13 SEVERE client.SimClient|* Connection Failed
09/04 16:50:13 SEVERE client.SimClient|* Could not connect to tac01.cs.umn.edu (will retry in 30 seconds)
09/04 16:50:13 SEVERE client.SimClient|************************************************************
09/04 16:50:43 FINE client.ServerConnection|(1) connecting to server tac01.cs.umn.edu at port 8080
09/04 16:52:50 SEVERE client.ServerConnection|(1) connection to server failed
java.net.ConnectException: Connection timed out
	at java.net.PlainSocketImpl.socketConnect(Native Method)
	at java.net.PlainSocketImpl.doConnect(PlainSocketImpl.java:351)
	at java.net.PlainSocketImpl.connectToAddress(PlainSocketImpl.java:213)
	at java.net.PlainSocketImpl.connect(PlainSocketImpl.java:200)
	at java.net.SocksSocketImpl.connect(SocksSocketImpl.java:366)
	at java.net.Socket.connect(Socket.java:529)
	at java.net.Socket.connect(Socket.java:478)
	at java.net.Socket.<init>(Socket.java:375)
	at java.net.Socket.<init>(Socket.java:189)
	at se.sics.tasim.aw.client.ServerConnection.connect(ServerConnection.java:136)
	at se.sics.tasim.aw.client.ServerConnection.run(ServerConnection.java:196)
	at java.lang.Thread.run(Thread.java:662)
09/04 16:52:50 SEVERE client.SimClient|************************************************************
09/04 16:52:50 SEVERE client.SimClient|* Connection Failed
09/04 16:52:50 SEVERE client.SimClient|* Could not connect to tac01.cs.umn.edu (will retry in 30 seconds)
09/04 16:52:50 SEVERE client.SimClient|************************************************************
09/04 16:53:20 FINE client.ServerConnection|(1) connecting to server tac01.cs.umn.edu at port 8080
09/04 16:55:27 SEVERE client.ServerConnection|(1) connection to server failed
java.net.ConnectException: Connection timed out
	at java.net.PlainSocketImpl.socketConnect(Native Method)
	at java.net.PlainSocketImpl.doConnect(PlainSocketImpl.java:351)
	at java.net.PlainSocketImpl.connectToAddress(PlainSocketImpl.java:213)
	at java.net.PlainSocketImpl.connect(PlainSocketImpl.java:200)
	at java.net.SocksSocketImpl.connect(SocksSocketImpl.java:366)
	at java.net.Socket.connect(Socket.java:529)
	at java.net.Socket.connect(Socket.java:478)
	at java.net.Socket.<init>(Socket.java:375)
	at java.net.Socket.<init>(Socket.java:189)
	at se.sics.tasim.aw.client.ServerConnection.connect(ServerConnection.java:136)
	at se.sics.tasim.aw.client.ServerConnection.run(ServerConnection.java:196)
	at java.lang.Thread.run(Thread.java:662)
09/04 16:55:27 SEVERE client.SimClient|************************************************************
09/04 16:55:27 SEVERE client.SimClient|* Connection Failed
09/04 16:55:27 SEVERE client.SimClient|* Could not connect to tac01.cs.umn.edu (will retry in 30 seconds)
09/04 16:55:27 SEVERE client.SimClient|************************************************************
09/04 16:55:57 FINE client.ServerConnection|(1) connecting to server tac01.cs.umn.edu at port 8080
09/04 16:58:04 SEVERE client.ServerConnection|(1) connection to server failed
java.net.ConnectException: Connection timed out
	at java.net.PlainSocketImpl.socketConnect(Native Method)
	at java.net.PlainSocketImpl.doConnect(PlainSocketImpl.java:351)
	at java.net.PlainSocketImpl.connectToAddress(PlainSocketImpl.java:213)
	at java.net.PlainSocketImpl.connect(PlainSocketImpl.java:200)
	at java.net.SocksSocketImpl.connect(SocksSocketImpl.java:366)
	at java.net.Socket.connect(Socket.java:529)
	at java.net.Socket.connect(Socket.java:478)
	at java.net.Socket.<init>(Socket.java:375)
	at java.net.Socket.<init>(Socket.java:189)
	at se.sics.tasim.aw.client.ServerConnection.connect(ServerConnection.java:136)
	at se.sics.tasim.aw.client.ServerConnection.run(ServerConnection.java:196)
	at java.lang.Thread.run(Thread.java:662)
09/04 16:58:04 SEVERE client.SimClient|************************************************************
09/04 16:58:04 SEVERE client.SimClient|* Connection Failed
09/04 16:58:04 SEVERE client.SimClient|* Could not connect to tac01.cs.umn.edu (will retry in 30 seconds)
09/04 16:58:04 SEVERE client.SimClient|************************************************************
09/04 16:58:34 FINE client.ServerConnection|(1) connecting to server tac01.cs.umn.edu at port 8080
