09/04 15:27:44 FINER client.SimClient|creating agent instance of agent.example.ExampleAgent
09/04 15:27:44 FINE client.ServerConnection|(1) connecting to server tac01.cs.umn.edu at port 6502
09/04 15:29:51 SEVERE client.ServerConnection|(1) connection to server failed
java.net.ConnectException: Connection timed out
	at java.net.PlainSocketImpl.socketConnect(Native Method)
	at java.net.PlainSocketImpl.doConnect(PlainSocketImpl.java:351)
	at java.net.PlainSocketImpl.connectToAddress(PlainSocketImpl.java:213)
	at java.net.PlainSocketImpl.connect(PlainSocketImpl.java:200)
	at java.net.SocksSocketImpl.connect(SocksSocketImpl.java:366)
	at java.net.Socket.connect(Socket.java:529)
	at java.net.Socket.connect(Socket.java:478)
	at java.net.Socket.<init>(Socket.java:375)
	at java.net.Socket.<init>(Socket.java:189)
	at se.sics.tasim.aw.client.ServerConnection.connect(ServerConnection.java:136)
	at se.sics.tasim.aw.client.ServerConnection.run(ServerConnection.java:196)
	at java.lang.Thread.run(Thread.java:662)
09/04 15:29:51 SEVERE client.SimClient|************************************************************
09/04 15:29:51 SEVERE client.SimClient|* Connection Failed
09/04 15:29:51 SEVERE client.SimClient|* Could not connect to tac01.cs.umn.edu (will retry in 30 seconds)
09/04 15:29:51 SEVERE client.SimClient|************************************************************
09/04 15:30:21 FINE client.ServerConnection|(1) connecting to server tac01.cs.umn.edu at port 6502
